<?xml version="1.0" encoding="UTF-8"?>
<!-- Generated by org.testng.reporters.JUnitReportReporter -->
<testsuite hostname="Yamini" failures="0" tests="1" name="testCases.TC001_AccountRegistrationTest" time="4.411" errors="0" timestamp="2025-01-01T21:03:46 GMT-06:00" skipped="0">
  <testcase classname="testCases.TC001_AccountRegistrationTest" name="verify_account_infor" time="4.411"/>
</testsuite> <!-- testCases.TC001_AccountRegistrationTest -->
