<?xml version="1.0" encoding="UTF-8"?>
<!-- Generated by org.testng.reporters.JUnitReportReporter -->
<testsuite hostname="Yamini" failures="0" tests="1" name="testCases.TC002_LoginTest" time="2.427" errors="0" timestamp="2025-01-03T16:30:02 GMT-06:00" skipped="0">
  <testcase classname="testCases.TC002_LoginTest" name="login" time="2.427"/>
</testsuite> <!-- testCases.TC002_LoginTest -->
