<?xml version="1.0" encoding="UTF-8"?>
<!-- Generated by org.testng.reporters.JUnitReportReporter -->
<testsuite hostname="Yamini" failures="0" tests="1" name="testCases.TC001_AccountRegistrationTest" time="3.002" errors="0" timestamp="2025-01-03T16:30:02 GMT-06:00" skipped="0">
  <testcase classname="testCases.TC001_AccountRegistrationTest" name="verify_account_infor" time="3.002"/>
</testsuite> <!-- testCases.TC001_AccountRegistrationTest -->
